F:\MICROS_1\LAB_04\divmult.lst - generated by MGTEK Assembler ASM12 V1.26 Build 144 for WIN32 (x86) - Tue Nov 04 21:36:14 2008

    1:          =00000004              alphan  equ     4
    2:          =00000009              alphad  equ     9
    3:                                 
    4:          =00001000                      org     1000h
    5:     1000 00 00 40 40 40 40      Xin     dc.b    0,0,$40,$40,$40,$40,$40,$40,$40,$40,$40,$18,$40,$40,$40,$40
           1006 40 40 40 40 40 18 
           100C 40 40 40 40 
    6:          =00001020                      org     1020h
    7:     1020 +0010                  Xave    ds.b    16
    8:     1030 +0002                  XinP    ds.w    1
    9:     1032 +0002                  XaveP   ds.w    1
   10:     1034 +0001                  count   ds.b    1
   11:                                 
   12:          =00002200                      org     2200h
   13:     2200 180B 10 1034                   movb    #16,count
   14:     2205 1803 1000 1030                 movw    #Xin,XinP
   15:     220B 1803 1020 1032                 movw    #Xave,XaveP
   16:     2211 FE 1030                loop    ldx     XinP
   17:     2214 87                             clra
   18:     2215 E6 00                          ldab    0,X
   19:     2217 08                             inx
   20:     2218 7E 1030                        stx     XinP
   21:     221B CE 0009                        ldx     #alphad
   22:     221E 1810                           idiv
   23:     2220 B7 50                          tfr     X,A
   24:     2222 C6 04                          ldab    #alphan
   25:     2224 12                             mul
   26:     2225 B7 46                          tfr     D,Y
   27:                                 
   28:     2227 FE 1032                        ldx     XaveP
   29:     222A C7                             clrb
   30:     222B B6 1034                        ldaa    count
   31:     222E 81 10                          cmpa    #16
   32:     2230 27 02                          beq     skip
   33:     2232 E6 1F                          ldab    -1,X
   34:     2234 87                     skip    clra
   35:     2235 CE 0009                        ldx     #alphad
   36:     2238 1810                           idiv
   37:     223A B7 50                          tfr     X,A
   38:     223C C6 05                          ldab    #(alphad-alphan)
   39:     223E 12                             mul
   40:     223F B7 60                          tfr     Y,A
   41:     2241 1806                           aba
   42:     2243 FE 1032                        ldx     XaveP
   43:     2246 6A 00                          staa    0,X
   44:     2248 08                             inx
   45:     2249 7E 1032                        stx     XaveP
   46:     224C 73 1034                        dec     count
   47:     224F 26 C0                          bne     loop
   48:     2251 3F                             swi

Symbols:
alphad                          *00000009
alphan                          *00000004
count                           *00001034
loop                            *00002211
skip                            *00002234
xave                            *00001020
xavep                           *00001032
xin                             *00001000
xinp                            *00001030

