F:\MICROS_1\LAB_04\multdiv.lst - generated by MGTEK Assembler ASM12 V1.26 Build 144 for WIN32 (x86) - Tue Nov 04 21:47:09 2008

    1:          =00000004              alphan  equ     4
    2:          =00000009              alphad  equ     9
    3:                                 
    4:          =00001000                      org     1000h
    5:     1000 00 00 40 40 40 40      Xin     dc.b    0,0,$40,$40,$40,$40,$40,$40,$40,$40,$40,$18,$40,$40,$40,$40
           1006 40 40 40 40 40 18 
           100C 40 40 40 40 
    6:     1010 +0010                  Xave    ds.b    16
    7:     1020 +0002                  XinP    ds.w    1
    8:     1022 +0002                  XaveP   ds.w    1
    9:     1024 +0001                  count   ds.b    1
   10:                                 
   11:          =00002000                      org     2000h
   12:     2000 180B 10 1024                   movb    #16,count
   13:     2005 1803 1000 1020                 movw    #Xin,XinP
   14:     200B 1803 1010 1022                 movw    #Xave,XaveP
   15:     2011 FE 1020                loop    ldx     XinP
   16:     2014 A6 00                          ldaa    0,X
   17:     2016 08                             inx
   18:     2017 7E 1020                        stx     XinP
   19:     201A C6 04                          ldab    #alphan
   20:     201C 12                             mul
   21:     201D CE 0009                        ldx     #alphad
   22:     2020 1810                           idiv
   23:     2022 B7 56                          tfr     X,Y
   24:     2024 FE 1022                        ldx     XaveP
   25:     2027 87                             clra
   26:     2028 F6 1024                        ldab    count
   27:     202B C1 10                          cmpb    #16
   28:     202D 27 02                          beq     skip
   29:     202F A6 1F                          ldaa    -1,X
   30:     2031 C6 05                  skip    ldab    #(alphad-alphan)
   31:     2033 12                             mul
   32:     2034 CE 0009                        ldx     #alphad
   33:     2037 1810                           idiv
   34:     2039 B7 51                          tfr     X,B
   35:     203B B7 60                          tfr     Y,A
   36:     203D 1806                           aba
   37:     203F FE 1022                        ldx     XaveP
   38:     2042 6A 00                          staa    0,X
   39:     2044 08                             inx
   40:     2045 7E 1022                        stx     XaveP
   41:     2048 73 1024                        dec     count
   42:     204B 26 C4                          bne     loop
   43:     204D 3F                             swi

Symbols:
alphad                          *00000009
alphan                          *00000004
count                           *00001024
loop                            *00002011
skip                            *00002031
xave                            *00001010
xavep                           *00001022
xin                             *00001000
xinp                            *00001020

