G:\MICROS_1\LAB_07\7segment.lst - generated by MGTEK Assembler ASM12 V1.26 Build 144 for WIN32 (x86) - Tue Dec 02 23:01:46 2008

    1:                                 ; Define ports
    2:          =00000001              PORTB   EQU     $0001
    3:          =00000003              DDRB    EQU     $0003
    4:                                 
    5:          =00000260              PORTH   EQU     $0260
    6:          =00000262              DDRH    EQU     $0262
    7:                                 
    8:          =00000258              PORTP   EQU     $0258
    9:          =0000025A              DDRP    EQU     $025a
   10:                                 
   11:                                 
   12:                                 ; No arguments, sets up Dragon12+ 7-segment display
   13:          =00002800                              ORG     $2800
   14:     2800 180B 0F 025A           INIT7SEG        MOVB    #$0F,DDRP
   15:     2805 180B FF 0003                           MOVB    #$FF,DDRB
   16:     280A 3D                                     RTS
   17:                                 
   18:                                 
   19:                                 ;  Writes an ASCII character to one of the Dragon12+ 7-segment LEDs
   20:                                 ;  Input:  Register A - mask for which digits will be illuminated.
   21:                                                 ;DIG1   EQU     %00000001 ; left digit
   22:                                                 ;DIG2   EQU     %00000010 ; 2nd from left
   23:                                                 ;DIG3   EQU     %00000100 ; 2nd from right
   24:                                                 ;DIG4   EQU     %00001000 ; right digit
   25:                                 ;          Register B - ASCII value from $30 to $39, i.e. numbers
   26:                                 ;  Output: affects 7-segment display
   27:                                 ;
   28:          =00002880                      ORG     $2880
   29:     2880 36                     DIGIT   PSHA
   30:     2881 16 2900                        JSR     toLED
   31:     2884 88 0F                          EORA    #%00001111
   32:     2886 36                             PSHA
   33:     2887 B6 0258                        LDAA    PORTP
   34:     288A 84 F0                          ANDA    #%11110000
   35:     288C AA 80                          ORAA    0,SP
   36:     288E 7A 0258                        STAA    PORTP
   37:     2891 5B 01                          STAB    PORTB
   38:     2893 1B 81                          LEAS    1,SP
   39:     2895 32                             PULA
   40:     2896 3D                             RTS
   41:                                 
   42:                                 ;  Used by DIGIT subroutine
   43:                                 ;  Converts an ASCII character to a 7-segment LED pattern
   44:                                 ;  Input: Register B - ASCII value from $30 to $39, i.e. numbers
   45:                                 ;  Output: Register B - 7-segment display pattern
   46:                                 ;
   47:                                 
   48:          =00002900                      ORG     $2900
   49:     2900 34                     toLED   PSHX
   50:     2901 39                             PSHC
   51:     2902 CE 290E                        LDX     #BCDLED
   52:     2905 C0 30                          SUBB    #$30
   53:     2907 1AE5                           ABX
   54:     2909 E6 00                          LDAB    0,X
   55:     290B 38                             PULC
   56:     290C 30                             PULX
   57:     290D 3D                             RTS
   58:     290E 3F                     BCDLED  DC.B    %00111111       ;0
   59:     290F 06                             DC.B    %00000110       ;1
   60:     2910 5B                             DC.B    %01011011       ;2
   61:     2911 4F                             DC.B    %01001111       ;3
   62:     2912 66                             DC.B    %01100110       ;4
   63:     2913 6D                             DC.B    %01101101       ;5
   64:     2914 7D                             DC.B    %01111101       ;6
   65:     2915 07                             DC.B    %00000111       ;7
   66:     2916 7F                             DC.B    %01111111       ;8
   67:     2917 67                             DC.B    %01100111       ;9

Symbols:
bcdled                          *0000290e
ddrb                            *00000003
ddrp                            *0000025a
portb                           *00000001
portp                           *00000258
toled                           *00002900

