G:\MICROS_1\LAB_07\Interupt_Example.lst - generated by MGTEK Assembler ASM12 V1.26 Build 144 for WIN32 (x86) - Tue Dec 02 11:04:25 2008

    1:          =00002880              DIGIT      EQU  $2880    ; displays ASCII number on 7-seg 
    2:                                                          ; Reg A, which of 4 digits 
    3:                                                          ; Reg B, ASCII number 
    4:          =00002800              INIT7SEG   EQU  $2800    ; initializes 7-segment display 
    5:                                  
    6:                                 ; constants for DIGIT subroutine 
    7:          =00000001              DIG1    EQU  %00000001   ; left digit 
    8:          =00000002              DIG2    EQU  %00000010   ; 2nd from left 
    9:          =00000004              DIG3    EQU  %00000100   ; 2nd from right 
   10:          =00000008              DIG4    EQU  %00001000      ; right digit 
   11:                                 
   12:                                 ; address  definitions for Port H 
   13:          =00000260              PTH     EQU  $0260    ; Port H Data 
   14:          =00000262              DDRH    EQU  $0262    ; Data Direction Reg for H 
   15:          =00000266              PIEH    EQU  $0266    ; Interrupt Enable for H 
   16:          =00000267              PIFH    EQU  $0267    ; Interrupt Flags for H 
   17:                                  
   18:          =00000008              SW2    EQU  %00001000  ; Pattern for increment button 
   19:          =00000004              SW3    EQU  %00000100  ; Pattern for decrement button 
   20:                                  
   21:          =00003E4C                     ORG  $3E4C 
   22:     3E4C 2300                          DC.W  PTHISR
   23:                                        
   24:          =00001000                     ORG  $1000 
   25:                                        ; create storage for the patterns for 
   26:                                        ; each digit 
   27:                                  
   28:     1000 +0001                  DIGIT1   DS.B  1 
   29:     1001 +0001                  DIGIT2   DS.B  1 
   30:     1002 +0001                  DIGIT3   DS.B  1 
   31:     1003 +0001                  DIGIT4   DS.B  1 
   32:                                  
   33:          =00002000                     ORG   $2000 
   34:     2000 CF 3600                       LDS  #$3600 
   35:                                        ; init PTH to all inputs 
   36:     2003 180B 00 0262                  MOVB  #%00000000, DDRH 
   37:                                        ; enable interrupts on pushbutton SW2 and SW3 
   38:                                        ; disable interrupts on all other pins  
   39:     2008 180B 0C 0266                  MOVB  #(SW2+SW3),PIEH 
   40:                                  
   41:                                        ; initialize 7-segment values 
   42:     200D 180B 30 1000                  MOVB  #$30,DIGIT1 
   43:                                  
   44:     2012 16 2800                       JSR  INIT7SEG 
   45:                                        ; unmask interrupts... 
   46:     2015 10EF                          CLI     
   47:                                        ; and wait for things to happen 
   48:                                  
   49:     2017 86 01                  Loop    LDAA  #DIG1 
   50:     2019 F6 1000                        LDAB  DIGIT1 
   51:     201C 16 2880                        JSR  DIGIT 
   52:     201F 20 F6                          BRA   Loop 
   53:                                 
   54:          =00002300                       ORG   $2300 
   55:     2300 1F 0267 08 0D          PTHISR   BRCLR  PIFH,SW2,PTHSW3 
   56:     2305 1C 0267 08                      BSET   PIFH,SW2 
   57:     2309 F6 1000                         LDAB   DIGIT1 
   58:     230C 16 2325                         JSR    INCASCII 
   59:     230F 7B 1000                         STAB   DIGIT1 
   60:                                  
   61:     2312 1F 0267 04 0D          PTHSW3     BRCLR  PIFH,SW3,PTHISREND 
   62:     2317 1C 0267 04                        BSET   PIFH,SW3 
   63:     231B F6 1000                           LDAB   DIGIT1 
   64:     231E 16 232B                           JSR    DECASCII 
   65:     2321 7B 1000                           STAB   DIGIT1 
   66:                                  
   67:     2324 0B                     PTHISREND  RTI 
   68:                                  
   69:                                  
   70:                                  
   71:     2325 C1 39                  INCASCII  CMPB  #$39 
   72:     2327 24 01                            BHS  ENDINC 
   73:     2329 52                               INCB 
   74:     232A 3D                     ENDINC    RTS   
   75:                                  
   76:                                  
   77:     232B C1 30                  DECASCII  CMPB  #$30 
   78:     232D 23 01                            BLS  ENDDEC 
   79:     232F 53                               DECB 
   80:     2330 3D                     ENDDEC    RTS
   81:                                  

Symbols:
ddrh                            *00000262
decascii                        *0000232b
dig1                            *00000001
digit                           *00002880
digit1                          *00001000
enddec                          *00002330
endinc                          *0000232a
incascii                        *00002325
init7seg                        *00002800
loop                            *00002017
pieh                            *00000266
pifh                            *00000267
pthisr                          *00002300
pthisrend                       *00002324
pthsw3                          *00002312
sw2                             *00000008
sw3                             *00000004

